<?xml version="1.0" encoding="UTF-8"?>
<testsuite xmlns:xsi="http://www.w3.org/2001/XMLSchema-instance" xsi:noNamespaceSchemaLocation="https://maven.apache.org/surefire/maven-failsafe-plugin/xsd/failsafe-test-report.xsd" name="starter.TestSuite" time="33.583" tests="1" errors="1" skipped="0" failures="0">
  <properties>
[...]
</properties>
  <testcase name="Create List Book Success" classname="Book" time="24.993">
    <error message="element click intercepted: Element &lt;button id=&quot;login&quot; type=&quot;button&quot; class=&quot;btn btn-primary&quot;&gt;...&lt;/button&gt; is not clickable at point (584, 483). Other element would receive the click: &lt;div&gt;...&lt;/div&gt;&#10;  (Session info: chrome=96.0.4664.45)&#10;Build info: version: &apos;3.141.59&apos;, revision: &apos;e82be7d358&apos;, time: &apos;2018-11-14T08:17:03&apos;&#10;System info: host: &apos;DESKTOP-7OEGIE7&apos;, ip: &apos;192.168.96.1&apos;, os.name: &apos;Windows 10&apos;, os.arch: &apos;amd64&apos;, os.version: &apos;10.0&apos;, java.version: &apos;1.8.0_202&apos;&#10;Driver info: org.openqa.selenium.chrome.ChromeDriver&#10;Capabilities {acceptInsecureCerts: false, browserName: chrome, browserVersion: 96.0.4664.45, chrome: {chromedriverVersion: 96.0.4664.45 (76e4c1bb2ab46..., userDataDir: C:\Users\gajah\AppData\Loca...}, goog:chromeOptions: {debuggerAddress: localhost:51625}, javascriptEnabled: true, networkConnectionEnabled: false, pageLoadStrategy: normal, platform: WINDOWS, platformName: WINDOWS, proxy: Proxy(), setWindowRect: true, strictFileInteractability: false, timeouts: {implicit: 0, pageLoad: 300000, script: 30000}, unhandledPromptBehavior: dismiss and notify, webauthn:extension:credBlob: true, webauthn:extension:largeBlob: true, webauthn:virtualAuthenticators: true}&#10;Session ID: 98f1167847f8b883f19472126f7c5f78" type="org.openqa.selenium.ElementClickInterceptedException"><![CDATA[org.openqa.selenium.ElementClickInterceptedException: 
element click intercepted: Element <button id="login" type="button" class="btn btn-primary">...</button> is not clickable at point (584, 483). Other element would receive the click: <div>...</div>
  (Session info: chrome=96.0.4664.45)
Build info: version: '3.141.59', revision: 'e82be7d358', time: '2018-11-14T08:17:03'
System info: host: 'DESKTOP-7OEGIE7', ip: '192.168.96.1', os.name: 'Windows 10', os.arch: 'amd64', os.version: '10.0', java.version: '1.8.0_202'
Driver info: org.openqa.selenium.chrome.ChromeDriver
Capabilities {acceptInsecureCerts: false, browserName: chrome, browserVersion: 96.0.4664.45, chrome: {chromedriverVersion: 96.0.4664.45 (76e4c1bb2ab46..., userDataDir: C:\Users\gajah\AppData\Loca...}, goog:chromeOptions: {debuggerAddress: localhost:51625}, javascriptEnabled: true, networkConnectionEnabled: false, pageLoadStrategy: normal, platform: WINDOWS, platformName: WINDOWS, proxy: Proxy(), setWindowRect: true, strictFileInteractability: false, timeouts: {implicit: 0, pageLoad: 300000, script: 30000}, unhandledPromptBehavior: dismiss and notify, webauthn:extension:credBlob: true, webauthn:extension:largeBlob: true, webauthn:virtualAuthenticators: true}
Session ID: 98f1167847f8b883f19472126f7c5f78
]]></error>
    <system-out><![CDATA[15:23:30.680 [main] DEBUG n.t.c.u.PropertiesFileLocalPreferences - LOADING LOCAL PROPERTIES FROM C:\Users\gajah\IdeaProjects\Alta-QE-galang-WebTestingwithSerenity\serenity.properties 
15:23:30.889 [main] DEBUG n.t.c.u.PropertiesFileLocalPreferences - LOADING LOCAL PROPERTIES FROM C:\Users\gajah\IdeaProjects\Alta-QE-galang-WebTestingwithSerenity\serenity.properties 
15:23:30.891 [main] DEBUG n.t.c.u.PropertiesFileLocalPreferences - LOADING LOCAL PROPERTIES FROM C:\Users\gajah\IdeaProjects\Alta-QE-galang-WebTestingwithSerenity\serenity.properties 
15:23:30.908 [main] DEBUG n.t.c.u.PropertiesFileLocalPreferences - story.timeout.in.secs=600
15:23:30.908 [main] DEBUG n.t.c.u.PropertiesFileLocalPreferences - webdriver.driver=chrome
15:23:30.923 [main] DEBUG n.t.c.u.PropertiesFileLocalPreferences - chrome.switches=--incognito
15:23:30.923 [main] DEBUG n.t.c.u.PropertiesFileLocalPreferences - webdriver.base.url=https://demoqa.com/
15:23:30.923 [main] DEBUG n.t.c.u.PropertiesFileLocalPreferences - serenity.take.screenshots=AFTER_EACH_STEP
15:23:30.924 [main] DEBUG n.t.c.u.PropertiesFileLocalPreferences - webdriver.timeouts.implicitlywait=1000
15:23:30.924 [main] DEBUG n.t.c.u.PropertiesFileLocalPreferences - serenity.maintain.session=true
15:23:30.925 [main] DEBUG n.t.c.u.PropertiesFileLocalPreferences - ignore.failures.in.stories=true
15:23:31.885 [main] DEBUG n.t.c.u.PropertiesFileLocalPreferences - LOADING LOCAL PROPERTIES FROM C:\Users\gajah\IdeaProjects\Alta-QE-galang-WebTestingwithSerenity\serenity.properties 
15:23:32.003 [main] DEBUG n.t.c.u.PropertiesFileLocalPreferences - LOADING LOCAL PROPERTIES FROM C:\Users\gajah\IdeaProjects\Alta-QE-galang-WebTestingwithSerenity\serenity.properties 
15:23:32.004 [main] DEBUG n.t.c.u.PropertiesFileLocalPreferences - LOADING LOCAL PROPERTIES FROM C:\Users\gajah\IdeaProjects\Alta-QE-galang-WebTestingwithSerenity\serenity.properties 
15:23:32.034 [main] DEBUG n.t.c.u.PropertiesFileLocalPreferences - story.timeout.in.secs=600
15:23:32.035 [main] DEBUG n.t.c.u.PropertiesFileLocalPreferences - webdriver.driver=chrome
15:23:32.035 [main] DEBUG n.t.c.u.PropertiesFileLocalPreferences - chrome.switches=--incognito
15:23:32.035 [main] DEBUG n.t.c.u.PropertiesFileLocalPreferences - webdriver.base.url=https://demoqa.com/
15:23:32.036 [main] DEBUG n.t.c.u.PropertiesFileLocalPreferences - serenity.take.screenshots=AFTER_EACH_STEP
15:23:32.036 [main] DEBUG n.t.c.u.PropertiesFileLocalPreferences - webdriver.timeouts.implicitlywait=1000
15:23:32.038 [main] DEBUG n.t.c.u.PropertiesFileLocalPreferences - serenity.maintain.session=true
15:23:32.039 [main] DEBUG n.t.c.u.PropertiesFileLocalPreferences - ignore.failures.in.stories=true
15:23:32.101 [main] INFO  n.t.c.steps.ConsoleLoggingListener - 

-------------------------------------------------------------------------------------
     _______. _______ .______       _______ .__   __.  __  .___________.____    ____ 
    /       ||   ____||   _  \     |   ____||  \ |  | |  | |           |\   \  /   / 
   |   (----`|  |__   |  |_)  |    |  |__   |   \|  | |  | `---|  |----` \   \/   /  
    \   \    |   __|  |      /     |   __|  |  . `  | |  |     |  |       \_    _/   
.----)   |   |  |____ |  |\  \----.|  |____ |  |\   | |  |     |  |         |  |     
|_______/    |_______|| _| `._____||_______||__| \__| |__|     |__|         |__|    
                                                                                     
 News and tutorials at http://www.serenity-bdd.info                                  
 Documentation at https://wakaleo.gitbooks.io/the-serenity-book/content/             
 Join the Serenity Community on Rocket Chat at https://serenity-bdd.rocket.chat      
 Serenity BDD Support and Training at http://serenity-bdd.info/#/trainingandsupport  
 Learn Serenity BDD online at http://serenity-dojo.com                               
-------------------------------------------------------------------------------------

15:23:32.115 [main] DEBUG n.thucydides.core.steps.StepEventBus - Test suite started for story net.thucydides.core.model.Story@8ce0bba1
15:23:32.129 [main] INFO  n.t.c.steps.ConsoleLoggingListener - Test Suite Started: Book
Feature: Book
  As a Bookstore Web API
  I want to see my timeline
  So that I can see bookstore

  @CreateListBook
  Scenario: Create List Book Success &amp#27;[90m# src/test/resources/features/books/book.feature:13&amp#27;[0m
15:23:33.131 [main] INFO  n.t.c.steps.ConsoleLoggingListener - 
 _____ _____ ____ _____   ____ _____  _    ____ _____ _____ ____  
|_   _| ____/ ___|_   _| / ___|_   _|/ \  |  _ \_   _| ____|  _ \ 
  | | |  _| \___ \ | |   \___ \ | | / _ \ | |_) || | |  _| | | | |
  | | | |___ ___) || |    ___) || |/ ___ \|  _ < | | | |___| |_| |
  |_| |_____|____/ |_|   |____/ |_/_/   \_\_| \_\|_| |_____|____/ 
                                                                  

TEST STARTED: Create List Book Success
-------------------------------------------------------------------(book;create-list-book-success)
15:23:36.824 [main] INFO  n.s.c.w.d.ProvideNewDriver - Instantiating driver
15:23:36.836 [main] INFO  n.s.c.w.d.ProvideNewDriver - Driver capabilities: Capabilities {acceptInsecureCerts: false, browserName: chrome, chrome.switches: --incognito, goog:chromeOptions: {args: [--incognito], extensions: []}, loggingPrefs: org.openqa.selenium.logging..., platform: ANY, version: }
    &amp#27;[32mGiven &amp#27;[0m&amp#27;[32mI am success login&amp#27;[0m         &amp#27;[90m# CreateListBook.i_am_success_login()&amp#27;[0m
15:23:54.325 [main] DEBUG n.s.core.photography.Darkroom - Opening darkroom
15:23:54.327 [Darkroom Processing Line] DEBUG n.s.c.p.DarkroomProcessingLine - Darkroom processing line starting up
15:23:54.805 [main] DEBUG n.s.core.photography.Darkroom - Send negative for processing for target\site\serenity\1fa2a42aec37fe52449ce223870d0f7ec2b03dd253bd6cf14c906d7427b1f048.png
15:23:54.806 [Darkroom Processing Line] DEBUG n.s.c.p.DarkroomProcessingLine - Processing screenshot image in /var/screenshots/screenshot-4211324691497004767
15:23:54.806 [Darkroom Processing Line] DEBUG n.s.c.p.DarkroomProcessingLine - Saving screenshot to target\site\serenity\1fa2a42aec37fe52449ce223870d0f7ec2b03dd253bd6cf14c906d7427b1f048.png
    &amp#27;[32mWhen &amp#27;[0m&amp#27;[32mI am create list book&amp#27;[0m       &amp#27;[90m# CreateListBook.i_am_create_list_book()&amp#27;[0m
15:23:56.322 [main] DEBUG n.s.core.photography.Darkroom - Send negative for processing for target\site\serenity\7bb7f42e363c63c358b7c348bf72347bc5ff4ae36d7df5fa2c3b4f60467ce5aa.png
15:23:56.323 [Darkroom Processing Line] DEBUG n.s.c.p.DarkroomProcessingLine - Processing screenshot image in /var/screenshots/screenshot-1565116287866362438
15:23:56.323 [Darkroom Processing Line] DEBUG n.s.c.p.DarkroomProcessingLine - Saving screenshot to target\site\serenity\7bb7f42e363c63c358b7c348bf72347bc5ff4ae36d7df5fa2c3b4f60467ce5aa.png
15:23:57.938 [main] DEBUG n.s.core.photography.Darkroom - Send negative for processing for target\site\serenity\236f1ec08a185c79a89e758fd4bc0ccdf040abd1bb40dbf54982edd8afc52002.png
15:23:57.939 [Darkroom Processing Line] DEBUG n.s.c.p.DarkroomProcessingLine - Processing screenshot image in /var/screenshots/screenshot-938956471133955945
15:23:57.942 [Darkroom Processing Line] DEBUG n.s.c.p.DarkroomProcessingLine - Saving screenshot to target\site\serenity\236f1ec08a185c79a89e758fd4bc0ccdf040abd1bb40dbf54982edd8afc52002.png
    &amp#27;[31mThen &amp#27;[0m&amp#27;[31mI am success add book&amp#27;[0m       &amp#27;[90m# CreateListBook.i_am_success_add_book()&amp#27;[0m
      &amp#27;[31morg.openqa.selenium.ElementClickInterceptedException: element click intercepted: Element <button id="login" type="button" class="btn btn-primary">...</button> is not clickable at point (584, 483). Other element would receive the click: <div>...</div>
  (Session info: chrome=96.0.4664.45)
Build info: version: '3.141.59', revision: 'e82be7d358', time: '2018-11-14T08:17:03'
System info: host: 'DESKTOP-7OEGIE7', ip: '192.168.96.1', os.name: 'Windows 10', os.arch: 'amd64', os.version: '10.0', java.version: '1.8.0_202'
Driver info: org.openqa.selenium.chrome.ChromeDriver
Capabilities {acceptInsecureCerts: false, browserName: chrome, browserVersion: 96.0.4664.45, chrome: {chromedriverVersion: 96.0.4664.45 (76e4c1bb2ab46..., userDataDir: C:\Users\gajah\AppData\Loca...}, goog:chromeOptions: {debuggerAddress: localhost:51625}, javascriptEnabled: true, networkConnectionEnabled: false, pageLoadStrategy: normal, platform: WINDOWS, platformName: WINDOWS, proxy: Proxy(), setWindowRect: true, strictFileInteractability: false, timeouts: {implicit: 0, pageLoad: 300000, script: 30000}, unhandledPromptBehavior: dismiss and notify, webauthn:extension:credBlob: true, webauthn:extension:largeBlob: true, webauthn:virtualAuthenticators: true}
Session ID: 98f1167847f8b883f19472126f7c5f78
	at sun.reflect.NativeConstructorAccessorImpl.newInstance0(Native Method)
	at sun.reflect.NativeConstructorAccessorImpl.newInstance(NativeConstructorAccessorImpl.java:62)
	at sun.reflect.DelegatingConstructorAccessorImpl.newInstance(DelegatingConstructorAccessorImpl.java:45)
	at java.lang.reflect.Constructor.newInstance(Constructor.java:423)
	at org.openqa.selenium.remote.http.W3CHttpResponseCodec.createException(W3CHttpResponseCodec.java:187)
	at org.openqa.selenium.remote.http.W3CHttpResponseCodec.decode(W3CHttpResponseCodec.java:122)
	at org.openqa.selenium.remote.http.W3CHttpResponseCodec.decode(W3CHttpResponseCodec.java:49)
	at org.openqa.selenium.remote.HttpCommandExecutor.execute(HttpCommandExecutor.java:158)
	at org.openqa.selenium.remote.service.DriverCommandExecutor.execute(DriverCommandExecutor.java:83)
	at org.openqa.selenium.remote.RemoteWebDriver.execute(RemoteWebDriver.java:552)
	at org.openqa.selenium.remote.RemoteWebElement.execute(RemoteWebElement.java:285)
	at org.openqa.selenium.remote.RemoteWebElement.click(RemoteWebElement.java:84)
	at sun.reflect.NativeMethodAccessorImpl.invoke0(Native Method)
	at sun.reflect.NativeMethodAccessorImpl.invoke(NativeMethodAccessorImpl.java:62)
	at sun.reflect.DelegatingMethodAccessorImpl.invoke(DelegatingMethodAccessorImpl.java:43)
	at java.lang.reflect.Method.invoke(Method.java:498)
	at org.openqa.selenium.support.pagefactory.internal.LocatingElementHandler.invoke(LocatingElementHandler.java:51)
	at com.sun.proxy.$Proxy28.click(Unknown Source)
	at starter.Pages.CreateListBookPage.clickBtnLogin(CreateListBookPage.java:37)
	at starter.Steps.CreateListBookSteps.createAddListBook(CreateListBookSteps.java:19)
	at starter.Steps.CreateListBookSteps$ByteBuddy$6zKnTrzI.createAddListBook$accessor$pFPqPQrF(Unknown Source)
	at sun.reflect.NativeMethodAccessorImpl.invoke0(Native Method)
	at sun.reflect.NativeMethodAccessorImpl.invoke(NativeMethodAccessorImpl.java:62)
	at sun.reflect.DelegatingMethodAccessorImpl.invoke(DelegatingMethodAccessorImpl.java:43)
	at java.lang.reflect.Method.invoke(Method.java:498)
	at net.thucydides.core.steps.BaseMethodRunner.invokeMethod(BaseMethodRunner.java:18)
	at net.thucydides.core.steps.NormalMethodRunner.invokeMethodAndNotifyFailures(NormalMethodRunner.java:18)
	at net.thucydides.core.steps.StepInterceptor.runNormalMethod(StepInterceptor.java:377)
	at net.thucydides.core.steps.StepInterceptor.testStepResult(StepInterceptor.java:162)
	at net.thucydides.core.steps.StepInterceptor.intercept(StepInterceptor.java:75)
	at starter.Steps.CreateListBookSteps$ByteBuddy$6zKnTrzI.createAddListBook(Unknown Source)
	at starter.Test.CreateListBook.i_am_success_add_book(CreateListBook.java:26)
	at ?.I am success add book(file:src/test/resources/features/books/book.feature:16)
&amp#27;[0m
]]></system-out>
    <system-err><![CDATA[SLF4J: Class path contains multiple SLF4J bindings.
SLF4J: Found binding in [jar:file:/C:/Users/gajah/.m2/repository/ch/qos/logback/logback-classic/1.0.13/logback-classic-1.0.13.jar!/org/slf4j/impl/StaticLoggerBinder.class]
SLF4J: Found binding in [jar:file:/C:/Users/gajah/.m2/repository/org/slf4j/slf4j-nop/1.5.3/slf4j-nop-1.5.3.jar!/org/slf4j/impl/StaticLoggerBinder.class]
SLF4J: Found binding in [jar:file:/C:/Users/gajah/.m2/repository/org/slf4j/slf4j-jdk14/1.5.6/slf4j-jdk14-1.5.6.jar!/org/slf4j/impl/StaticLoggerBinder.class]
SLF4J: See http://www.slf4j.org/codes.html#multiple_bindings for an explanation.
SLF4J: Actual binding is of type [ch.qos.logback.classic.util.ContextSelectorStaticBinder]
Nov 23, 2021 3:23:32 PM cucumber.runtime.java.ObjectFactoryLoader loadSingleObjectFactory
WARNING: Loading deprecated ObjectFactory from runtime via reflection: cucumber.runtime.SerenityObjectFactory
Nov 23, 2021 3:23:34 PM org.openqa.selenium.remote.DesiredCapabilities chrome
INFO: Using `new ChromeOptions()` is preferred to `DesiredCapabilities.chrome()`
Starting ChromeDriver 96.0.4664.45 (76e4c1bb2ab4671b8beba3444e61c0f17584b2fc-refs/branch-heads/4664@{#947}) on port 2068
Only local connections are allowed.
Please see https://chromedriver.chromium.org/security-considerations for suggestions on keeping ChromeDriver safe.
ChromeDriver was started successfully.
Nov 23, 2021 3:23:43 PM org.openqa.selenium.remote.ProtocolHandshake createSession
INFO: Detected dialect: W3C
]]></system-err>
  </testcase>
</testsuite>